  SpriteRenderer.cpp
  Rigidbody.cpp
  RenderSystem.cpp
  RectCollider.cpp
  PhysicsSystem.cpp
  Generating Code...
  Compiling...
  PlayerSystem.cpp
c:\users\rhino\documents\studium\c++\bubbleout\bubbleout\bubbleout\engine.h(44): warning C4305: 'initializing': truncation from 'double' to 'const float'
  PlayerPlatform.cpp
  Engine.cpp
c:\users\rhino\documents\studium\c++\bubbleout\bubbleout\bubbleout\engine.h(44): warning C4305: 'initializing': truncation from 'double' to 'const float'
c:\users\rhino\documents\studium\c++\bubbleout\bubbleout\bubbleout\bubble.h(30): warning C4305: 'initializing': truncation from 'double' to 'const float'
c:\users\rhino\documents\studium\c++\bubbleout\bubbleout\bubbleout\engine.cpp(172): warning C4244: 'argument': conversion from 'const int' to 'const float', possible loss of data
c:\users\rhino\documents\studium\c++\bubbleout\bubbleout\bubbleout\engine.cpp(174): warning C4244: 'argument': conversion from 'const int' to 'const float', possible loss of data
  Generating Code...
  Skipping... (no relevant changes detected)
  main.cpp
  Subject.cpp
  SoundSystem.cpp
  PlayerBall.cpp
  BubbleSystem.cpp
  Bubble.cpp
  Barrier.cpp
  BubbleOut.vcxproj -> C:\Users\Rhino\Documents\Studium\C++\BubbleOut\BubbleOut\Debug\BubbleOut.exe
